[2021-05-04 11:56:23,730] {scheduler_job.py:155} INFO - Started process (PID=24) to work on /usr/local/airflow/dags/data_dag.py
[2021-05-04 11:56:23,742] {scheduler_job.py:1589} INFO - Processing file /usr/local/airflow/dags/data_dag.py for tasks to queue
[2021-05-04 11:56:23,752] {logging_mixin.py:112} INFO - [2021-05-04 11:56:23,751] {dagbag.py:417} INFO - Filling up the DagBag from /usr/local/airflow/dags/data_dag.py
[2021-05-04 11:56:23,902] {scheduler_job.py:1601} INFO - DAG(s) dict_keys(['data_dag']) retrieved from /usr/local/airflow/dags/data_dag.py
[2021-05-04 11:56:24,146] {scheduler_job.py:163} INFO - Processing /usr/local/airflow/dags/data_dag.py took 0.416 seconds
[2021-05-04 11:56:24,668] {scheduler_job.py:155} INFO - Started process (PID=26) to work on /usr/local/airflow/dags/data_dag.py
[2021-05-04 11:56:24,675] {scheduler_job.py:1589} INFO - Processing file /usr/local/airflow/dags/data_dag.py for tasks to queue
[2021-05-04 11:56:24,680] {logging_mixin.py:112} INFO - [2021-05-04 11:56:24,679] {dagbag.py:417} INFO - Filling up the DagBag from /usr/local/airflow/dags/data_dag.py
[2021-05-04 11:56:24,722] {scheduler_job.py:1601} INFO - DAG(s) dict_keys(['data_dag']) retrieved from /usr/local/airflow/dags/data_dag.py
[2021-05-04 11:56:24,891] {scheduler_job.py:163} INFO - Processing /usr/local/airflow/dags/data_dag.py took 0.223 seconds
[2021-05-04 11:56:25,642] {scheduler_job.py:155} INFO - Started process (PID=28) to work on /usr/local/airflow/dags/data_dag.py
[2021-05-04 11:56:25,665] {scheduler_job.py:1589} INFO - Processing file /usr/local/airflow/dags/data_dag.py for tasks to queue
[2021-05-04 11:56:25,667] {logging_mixin.py:112} INFO - [2021-05-04 11:56:25,665] {dagbag.py:417} INFO - Filling up the DagBag from /usr/local/airflow/dags/data_dag.py
[2021-05-04 11:56:25,724] {scheduler_job.py:1601} INFO - DAG(s) dict_keys(['data_dag']) retrieved from /usr/local/airflow/dags/data_dag.py
[2021-05-04 11:56:25,806] {scheduler_job.py:163} INFO - Processing /usr/local/airflow/dags/data_dag.py took 0.164 seconds
[2021-05-04 11:56:26,643] {scheduler_job.py:155} INFO - Started process (PID=30) to work on /usr/local/airflow/dags/data_dag.py
[2021-05-04 11:56:26,652] {scheduler_job.py:1589} INFO - Processing file /usr/local/airflow/dags/data_dag.py for tasks to queue
[2021-05-04 11:56:26,657] {logging_mixin.py:112} INFO - [2021-05-04 11:56:26,657] {dagbag.py:417} INFO - Filling up the DagBag from /usr/local/airflow/dags/data_dag.py
[2021-05-04 11:56:26,700] {scheduler_job.py:1601} INFO - DAG(s) dict_keys(['data_dag']) retrieved from /usr/local/airflow/dags/data_dag.py
[2021-05-04 11:56:26,804] {scheduler_job.py:163} INFO - Processing /usr/local/airflow/dags/data_dag.py took 0.161 seconds
[2021-05-04 11:56:27,679] {scheduler_job.py:155} INFO - Started process (PID=32) to work on /usr/local/airflow/dags/data_dag.py
[2021-05-04 11:56:27,696] {scheduler_job.py:1589} INFO - Processing file /usr/local/airflow/dags/data_dag.py for tasks to queue
[2021-05-04 11:56:27,707] {logging_mixin.py:112} INFO - [2021-05-04 11:56:27,707] {dagbag.py:417} INFO - Filling up the DagBag from /usr/local/airflow/dags/data_dag.py
[2021-05-04 11:56:27,743] {scheduler_job.py:1601} INFO - DAG(s) dict_keys(['data_dag']) retrieved from /usr/local/airflow/dags/data_dag.py
[2021-05-04 11:56:27,833] {scheduler_job.py:163} INFO - Processing /usr/local/airflow/dags/data_dag.py took 0.154 seconds
[2021-05-04 11:56:28,692] {scheduler_job.py:155} INFO - Started process (PID=34) to work on /usr/local/airflow/dags/data_dag.py
[2021-05-04 11:56:28,703] {scheduler_job.py:1589} INFO - Processing file /usr/local/airflow/dags/data_dag.py for tasks to queue
[2021-05-04 11:56:28,704] {logging_mixin.py:112} INFO - [2021-05-04 11:56:28,704] {dagbag.py:417} INFO - Filling up the DagBag from /usr/local/airflow/dags/data_dag.py
[2021-05-04 11:56:28,744] {scheduler_job.py:1601} INFO - DAG(s) dict_keys(['data_dag']) retrieved from /usr/local/airflow/dags/data_dag.py
[2021-05-04 11:56:28,819] {scheduler_job.py:163} INFO - Processing /usr/local/airflow/dags/data_dag.py took 0.128 seconds
[2021-05-04 11:56:29,717] {scheduler_job.py:155} INFO - Started process (PID=36) to work on /usr/local/airflow/dags/data_dag.py
[2021-05-04 11:56:29,722] {scheduler_job.py:1589} INFO - Processing file /usr/local/airflow/dags/data_dag.py for tasks to queue
[2021-05-04 11:56:29,727] {logging_mixin.py:112} INFO - [2021-05-04 11:56:29,727] {dagbag.py:417} INFO - Filling up the DagBag from /usr/local/airflow/dags/data_dag.py
[2021-05-04 11:56:29,765] {scheduler_job.py:1601} INFO - DAG(s) dict_keys(['data_dag']) retrieved from /usr/local/airflow/dags/data_dag.py
[2021-05-04 11:56:29,834] {scheduler_job.py:163} INFO - Processing /usr/local/airflow/dags/data_dag.py took 0.116 seconds
[2021-05-04 11:56:30,766] {scheduler_job.py:155} INFO - Started process (PID=38) to work on /usr/local/airflow/dags/data_dag.py
[2021-05-04 11:56:30,781] {scheduler_job.py:1589} INFO - Processing file /usr/local/airflow/dags/data_dag.py for tasks to queue
[2021-05-04 11:56:30,796] {logging_mixin.py:112} INFO - [2021-05-04 11:56:30,794] {dagbag.py:417} INFO - Filling up the DagBag from /usr/local/airflow/dags/data_dag.py
[2021-05-04 11:56:30,883] {scheduler_job.py:1601} INFO - DAG(s) dict_keys(['data_dag']) retrieved from /usr/local/airflow/dags/data_dag.py
[2021-05-04 11:56:31,093] {scheduler_job.py:163} INFO - Processing /usr/local/airflow/dags/data_dag.py took 0.327 seconds
[2021-05-04 11:56:31,834] {scheduler_job.py:155} INFO - Started process (PID=40) to work on /usr/local/airflow/dags/data_dag.py
[2021-05-04 11:56:31,859] {scheduler_job.py:1589} INFO - Processing file /usr/local/airflow/dags/data_dag.py for tasks to queue
[2021-05-04 11:56:31,861] {logging_mixin.py:112} INFO - [2021-05-04 11:56:31,861] {dagbag.py:417} INFO - Filling up the DagBag from /usr/local/airflow/dags/data_dag.py
[2021-05-04 11:56:32,030] {scheduler_job.py:1601} INFO - DAG(s) dict_keys(['data_dag']) retrieved from /usr/local/airflow/dags/data_dag.py
[2021-05-04 11:56:32,153] {scheduler_job.py:163} INFO - Processing /usr/local/airflow/dags/data_dag.py took 0.319 seconds
[2021-05-04 11:56:32,790] {scheduler_job.py:155} INFO - Started process (PID=42) to work on /usr/local/airflow/dags/data_dag.py
[2021-05-04 11:56:32,819] {scheduler_job.py:1589} INFO - Processing file /usr/local/airflow/dags/data_dag.py for tasks to queue
[2021-05-04 11:56:32,824] {logging_mixin.py:112} INFO - [2021-05-04 11:56:32,824] {dagbag.py:417} INFO - Filling up the DagBag from /usr/local/airflow/dags/data_dag.py
[2021-05-04 11:56:32,915] {scheduler_job.py:1601} INFO - DAG(s) dict_keys(['data_dag']) retrieved from /usr/local/airflow/dags/data_dag.py
[2021-05-04 11:56:33,050] {scheduler_job.py:163} INFO - Processing /usr/local/airflow/dags/data_dag.py took 0.261 seconds
[2021-05-04 11:56:33,826] {scheduler_job.py:155} INFO - Started process (PID=44) to work on /usr/local/airflow/dags/data_dag.py
[2021-05-04 11:56:33,840] {scheduler_job.py:1589} INFO - Processing file /usr/local/airflow/dags/data_dag.py for tasks to queue
[2021-05-04 11:56:33,852] {logging_mixin.py:112} INFO - [2021-05-04 11:56:33,852] {dagbag.py:417} INFO - Filling up the DagBag from /usr/local/airflow/dags/data_dag.py
[2021-05-04 11:56:33,948] {scheduler_job.py:1601} INFO - DAG(s) dict_keys(['data_dag']) retrieved from /usr/local/airflow/dags/data_dag.py
[2021-05-04 11:56:34,081] {scheduler_job.py:163} INFO - Processing /usr/local/airflow/dags/data_dag.py took 0.255 seconds
[2021-05-04 11:56:34,879] {scheduler_job.py:155} INFO - Started process (PID=46) to work on /usr/local/airflow/dags/data_dag.py
[2021-05-04 11:56:34,885] {scheduler_job.py:1589} INFO - Processing file /usr/local/airflow/dags/data_dag.py for tasks to queue
[2021-05-04 11:56:34,887] {logging_mixin.py:112} INFO - [2021-05-04 11:56:34,887] {dagbag.py:417} INFO - Filling up the DagBag from /usr/local/airflow/dags/data_dag.py
[2021-05-04 11:56:34,992] {scheduler_job.py:1601} INFO - DAG(s) dict_keys(['data_dag']) retrieved from /usr/local/airflow/dags/data_dag.py
[2021-05-04 11:56:35,078] {scheduler_job.py:163} INFO - Processing /usr/local/airflow/dags/data_dag.py took 0.199 seconds
[2021-05-04 11:56:35,854] {scheduler_job.py:155} INFO - Started process (PID=48) to work on /usr/local/airflow/dags/data_dag.py
[2021-05-04 11:56:35,871] {scheduler_job.py:1589} INFO - Processing file /usr/local/airflow/dags/data_dag.py for tasks to queue
[2021-05-04 11:56:35,872] {logging_mixin.py:112} INFO - [2021-05-04 11:56:35,872] {dagbag.py:417} INFO - Filling up the DagBag from /usr/local/airflow/dags/data_dag.py
[2021-05-04 11:56:35,925] {scheduler_job.py:1601} INFO - DAG(s) dict_keys(['data_dag']) retrieved from /usr/local/airflow/dags/data_dag.py
[2021-05-04 11:56:35,972] {scheduler_job.py:163} INFO - Processing /usr/local/airflow/dags/data_dag.py took 0.119 seconds
[2021-05-04 11:56:36,857] {scheduler_job.py:155} INFO - Started process (PID=50) to work on /usr/local/airflow/dags/data_dag.py
[2021-05-04 11:56:36,866] {scheduler_job.py:1589} INFO - Processing file /usr/local/airflow/dags/data_dag.py for tasks to queue
[2021-05-04 11:56:36,868] {logging_mixin.py:112} INFO - [2021-05-04 11:56:36,868] {dagbag.py:417} INFO - Filling up the DagBag from /usr/local/airflow/dags/data_dag.py
[2021-05-04 11:56:36,914] {scheduler_job.py:1601} INFO - DAG(s) dict_keys(['data_dag']) retrieved from /usr/local/airflow/dags/data_dag.py
[2021-05-04 11:56:37,033] {scheduler_job.py:163} INFO - Processing /usr/local/airflow/dags/data_dag.py took 0.177 seconds
[2021-05-04 11:56:37,925] {scheduler_job.py:155} INFO - Started process (PID=52) to work on /usr/local/airflow/dags/data_dag.py
[2021-05-04 11:56:37,935] {scheduler_job.py:1589} INFO - Processing file /usr/local/airflow/dags/data_dag.py for tasks to queue
[2021-05-04 11:56:37,937] {logging_mixin.py:112} INFO - [2021-05-04 11:56:37,937] {dagbag.py:417} INFO - Filling up the DagBag from /usr/local/airflow/dags/data_dag.py
[2021-05-04 11:56:37,994] {scheduler_job.py:1601} INFO - DAG(s) dict_keys(['data_dag']) retrieved from /usr/local/airflow/dags/data_dag.py
[2021-05-04 11:56:38,088] {scheduler_job.py:163} INFO - Processing /usr/local/airflow/dags/data_dag.py took 0.164 seconds
[2021-05-04 11:56:38,891] {scheduler_job.py:155} INFO - Started process (PID=54) to work on /usr/local/airflow/dags/data_dag.py
[2021-05-04 11:56:38,903] {scheduler_job.py:1589} INFO - Processing file /usr/local/airflow/dags/data_dag.py for tasks to queue
[2021-05-04 11:56:38,904] {logging_mixin.py:112} INFO - [2021-05-04 11:56:38,904] {dagbag.py:417} INFO - Filling up the DagBag from /usr/local/airflow/dags/data_dag.py
[2021-05-04 11:56:38,939] {scheduler_job.py:1601} INFO - DAG(s) dict_keys(['data_dag']) retrieved from /usr/local/airflow/dags/data_dag.py
[2021-05-04 11:56:39,027] {scheduler_job.py:163} INFO - Processing /usr/local/airflow/dags/data_dag.py took 0.136 seconds
[2021-05-04 11:56:39,987] {scheduler_job.py:155} INFO - Started process (PID=56) to work on /usr/local/airflow/dags/data_dag.py
[2021-05-04 11:56:39,998] {scheduler_job.py:1589} INFO - Processing file /usr/local/airflow/dags/data_dag.py for tasks to queue
[2021-05-04 11:56:40,000] {logging_mixin.py:112} INFO - [2021-05-04 11:56:40,000] {dagbag.py:417} INFO - Filling up the DagBag from /usr/local/airflow/dags/data_dag.py
[2021-05-04 11:56:40,096] {scheduler_job.py:1601} INFO - DAG(s) dict_keys(['data_dag']) retrieved from /usr/local/airflow/dags/data_dag.py
[2021-05-04 11:56:40,202] {scheduler_job.py:163} INFO - Processing /usr/local/airflow/dags/data_dag.py took 0.215 seconds
[2021-05-04 11:56:40,979] {scheduler_job.py:155} INFO - Started process (PID=58) to work on /usr/local/airflow/dags/data_dag.py
[2021-05-04 11:56:40,985] {scheduler_job.py:1589} INFO - Processing file /usr/local/airflow/dags/data_dag.py for tasks to queue
[2021-05-04 11:56:40,988] {logging_mixin.py:112} INFO - [2021-05-04 11:56:40,987] {dagbag.py:417} INFO - Filling up the DagBag from /usr/local/airflow/dags/data_dag.py
[2021-05-04 11:56:41,025] {scheduler_job.py:1601} INFO - DAG(s) dict_keys(['data_dag']) retrieved from /usr/local/airflow/dags/data_dag.py
[2021-05-04 11:56:41,083] {scheduler_job.py:163} INFO - Processing /usr/local/airflow/dags/data_dag.py took 0.105 seconds
[2021-05-04 11:56:41,994] {scheduler_job.py:155} INFO - Started process (PID=60) to work on /usr/local/airflow/dags/data_dag.py
[2021-05-04 11:56:42,005] {scheduler_job.py:1589} INFO - Processing file /usr/local/airflow/dags/data_dag.py for tasks to queue
[2021-05-04 11:56:42,006] {logging_mixin.py:112} INFO - [2021-05-04 11:56:42,005] {dagbag.py:417} INFO - Filling up the DagBag from /usr/local/airflow/dags/data_dag.py
[2021-05-04 11:56:42,060] {scheduler_job.py:1601} INFO - DAG(s) dict_keys(['data_dag']) retrieved from /usr/local/airflow/dags/data_dag.py
[2021-05-04 11:56:42,167] {scheduler_job.py:163} INFO - Processing /usr/local/airflow/dags/data_dag.py took 0.174 seconds
[2021-05-04 11:56:43,004] {scheduler_job.py:155} INFO - Started process (PID=62) to work on /usr/local/airflow/dags/data_dag.py
[2021-05-04 11:56:43,010] {scheduler_job.py:1589} INFO - Processing file /usr/local/airflow/dags/data_dag.py for tasks to queue
[2021-05-04 11:56:43,012] {logging_mixin.py:112} INFO - [2021-05-04 11:56:43,012] {dagbag.py:417} INFO - Filling up the DagBag from /usr/local/airflow/dags/data_dag.py
[2021-05-04 11:56:43,070] {scheduler_job.py:1601} INFO - DAG(s) dict_keys(['data_dag']) retrieved from /usr/local/airflow/dags/data_dag.py
[2021-05-04 11:56:43,215] {scheduler_job.py:163} INFO - Processing /usr/local/airflow/dags/data_dag.py took 0.211 seconds
[2021-05-04 11:56:44,014] {scheduler_job.py:155} INFO - Started process (PID=64) to work on /usr/local/airflow/dags/data_dag.py
[2021-05-04 11:56:44,018] {scheduler_job.py:1589} INFO - Processing file /usr/local/airflow/dags/data_dag.py for tasks to queue
[2021-05-04 11:56:44,019] {logging_mixin.py:112} INFO - [2021-05-04 11:56:44,019] {dagbag.py:417} INFO - Filling up the DagBag from /usr/local/airflow/dags/data_dag.py
[2021-05-04 11:56:44,049] {scheduler_job.py:1601} INFO - DAG(s) dict_keys(['data_dag']) retrieved from /usr/local/airflow/dags/data_dag.py
[2021-05-04 11:56:44,117] {scheduler_job.py:163} INFO - Processing /usr/local/airflow/dags/data_dag.py took 0.102 seconds
[2021-05-04 11:56:45,034] {scheduler_job.py:155} INFO - Started process (PID=66) to work on /usr/local/airflow/dags/data_dag.py
[2021-05-04 11:56:45,038] {scheduler_job.py:1589} INFO - Processing file /usr/local/airflow/dags/data_dag.py for tasks to queue
[2021-05-04 11:56:45,039] {logging_mixin.py:112} INFO - [2021-05-04 11:56:45,039] {dagbag.py:417} INFO - Filling up the DagBag from /usr/local/airflow/dags/data_dag.py
[2021-05-04 11:56:45,096] {scheduler_job.py:1601} INFO - DAG(s) dict_keys(['data_dag']) retrieved from /usr/local/airflow/dags/data_dag.py
[2021-05-04 11:56:45,170] {scheduler_job.py:163} INFO - Processing /usr/local/airflow/dags/data_dag.py took 0.136 seconds
[2021-05-04 11:56:46,059] {scheduler_job.py:155} INFO - Started process (PID=68) to work on /usr/local/airflow/dags/data_dag.py
[2021-05-04 11:56:46,063] {scheduler_job.py:1589} INFO - Processing file /usr/local/airflow/dags/data_dag.py for tasks to queue
[2021-05-04 11:56:46,064] {logging_mixin.py:112} INFO - [2021-05-04 11:56:46,064] {dagbag.py:417} INFO - Filling up the DagBag from /usr/local/airflow/dags/data_dag.py
[2021-05-04 11:56:46,101] {scheduler_job.py:1601} INFO - DAG(s) dict_keys(['data_dag']) retrieved from /usr/local/airflow/dags/data_dag.py
[2021-05-04 11:56:46,158] {scheduler_job.py:163} INFO - Processing /usr/local/airflow/dags/data_dag.py took 0.099 seconds
[2021-05-04 11:56:47,061] {scheduler_job.py:155} INFO - Started process (PID=70) to work on /usr/local/airflow/dags/data_dag.py
[2021-05-04 11:56:47,069] {scheduler_job.py:1589} INFO - Processing file /usr/local/airflow/dags/data_dag.py for tasks to queue
[2021-05-04 11:56:47,071] {logging_mixin.py:112} INFO - [2021-05-04 11:56:47,071] {dagbag.py:417} INFO - Filling up the DagBag from /usr/local/airflow/dags/data_dag.py
[2021-05-04 11:56:47,142] {scheduler_job.py:1601} INFO - DAG(s) dict_keys(['data_dag']) retrieved from /usr/local/airflow/dags/data_dag.py
[2021-05-04 11:56:47,207] {scheduler_job.py:163} INFO - Processing /usr/local/airflow/dags/data_dag.py took 0.146 seconds
[2021-05-04 11:56:48,072] {scheduler_job.py:155} INFO - Started process (PID=72) to work on /usr/local/airflow/dags/data_dag.py
[2021-05-04 11:56:48,083] {scheduler_job.py:1589} INFO - Processing file /usr/local/airflow/dags/data_dag.py for tasks to queue
[2021-05-04 11:56:48,084] {logging_mixin.py:112} INFO - [2021-05-04 11:56:48,084] {dagbag.py:417} INFO - Filling up the DagBag from /usr/local/airflow/dags/data_dag.py
[2021-05-04 11:56:48,139] {scheduler_job.py:1601} INFO - DAG(s) dict_keys(['data_dag']) retrieved from /usr/local/airflow/dags/data_dag.py
[2021-05-04 11:56:48,216] {scheduler_job.py:163} INFO - Processing /usr/local/airflow/dags/data_dag.py took 0.144 seconds
[2021-05-04 11:56:49,081] {scheduler_job.py:155} INFO - Started process (PID=74) to work on /usr/local/airflow/dags/data_dag.py
[2021-05-04 11:56:49,085] {scheduler_job.py:1589} INFO - Processing file /usr/local/airflow/dags/data_dag.py for tasks to queue
[2021-05-04 11:56:49,086] {logging_mixin.py:112} INFO - [2021-05-04 11:56:49,086] {dagbag.py:417} INFO - Filling up the DagBag from /usr/local/airflow/dags/data_dag.py
[2021-05-04 11:56:49,117] {scheduler_job.py:1601} INFO - DAG(s) dict_keys(['data_dag']) retrieved from /usr/local/airflow/dags/data_dag.py
[2021-05-04 11:56:49,192] {scheduler_job.py:163} INFO - Processing /usr/local/airflow/dags/data_dag.py took 0.111 seconds
[2021-05-04 11:56:50,103] {scheduler_job.py:155} INFO - Started process (PID=76) to work on /usr/local/airflow/dags/data_dag.py
[2021-05-04 11:56:50,108] {scheduler_job.py:1589} INFO - Processing file /usr/local/airflow/dags/data_dag.py for tasks to queue
[2021-05-04 11:56:50,109] {logging_mixin.py:112} INFO - [2021-05-04 11:56:50,109] {dagbag.py:417} INFO - Filling up the DagBag from /usr/local/airflow/dags/data_dag.py
[2021-05-04 11:56:50,158] {scheduler_job.py:1601} INFO - DAG(s) dict_keys(['data_dag']) retrieved from /usr/local/airflow/dags/data_dag.py
[2021-05-04 11:56:50,244] {scheduler_job.py:163} INFO - Processing /usr/local/airflow/dags/data_dag.py took 0.141 seconds
[2021-05-04 11:56:51,130] {scheduler_job.py:155} INFO - Started process (PID=78) to work on /usr/local/airflow/dags/data_dag.py
[2021-05-04 11:56:51,135] {scheduler_job.py:1589} INFO - Processing file /usr/local/airflow/dags/data_dag.py for tasks to queue
[2021-05-04 11:56:51,136] {logging_mixin.py:112} INFO - [2021-05-04 11:56:51,136] {dagbag.py:417} INFO - Filling up the DagBag from /usr/local/airflow/dags/data_dag.py
[2021-05-04 11:56:51,164] {scheduler_job.py:1601} INFO - DAG(s) dict_keys(['data_dag']) retrieved from /usr/local/airflow/dags/data_dag.py
[2021-05-04 11:56:51,222] {scheduler_job.py:163} INFO - Processing /usr/local/airflow/dags/data_dag.py took 0.092 seconds
[2021-05-04 11:56:52,129] {scheduler_job.py:155} INFO - Started process (PID=80) to work on /usr/local/airflow/dags/data_dag.py
[2021-05-04 11:56:52,140] {scheduler_job.py:1589} INFO - Processing file /usr/local/airflow/dags/data_dag.py for tasks to queue
[2021-05-04 11:56:52,141] {logging_mixin.py:112} INFO - [2021-05-04 11:56:52,141] {dagbag.py:417} INFO - Filling up the DagBag from /usr/local/airflow/dags/data_dag.py
[2021-05-04 11:56:52,174] {scheduler_job.py:1601} INFO - DAG(s) dict_keys(['data_dag']) retrieved from /usr/local/airflow/dags/data_dag.py
[2021-05-04 11:56:52,229] {scheduler_job.py:163} INFO - Processing /usr/local/airflow/dags/data_dag.py took 0.099 seconds
[2021-05-04 11:56:53,154] {scheduler_job.py:155} INFO - Started process (PID=82) to work on /usr/local/airflow/dags/data_dag.py
[2021-05-04 11:56:53,158] {scheduler_job.py:1589} INFO - Processing file /usr/local/airflow/dags/data_dag.py for tasks to queue
[2021-05-04 11:56:53,159] {logging_mixin.py:112} INFO - [2021-05-04 11:56:53,159] {dagbag.py:417} INFO - Filling up the DagBag from /usr/local/airflow/dags/data_dag.py
[2021-05-04 11:56:53,195] {scheduler_job.py:1601} INFO - DAG(s) dict_keys(['data_dag']) retrieved from /usr/local/airflow/dags/data_dag.py
[2021-05-04 11:56:53,255] {scheduler_job.py:163} INFO - Processing /usr/local/airflow/dags/data_dag.py took 0.102 seconds
[2021-05-04 11:56:54,159] {scheduler_job.py:155} INFO - Started process (PID=84) to work on /usr/local/airflow/dags/data_dag.py
[2021-05-04 11:56:54,165] {scheduler_job.py:1589} INFO - Processing file /usr/local/airflow/dags/data_dag.py for tasks to queue
[2021-05-04 11:56:54,166] {logging_mixin.py:112} INFO - [2021-05-04 11:56:54,166] {dagbag.py:417} INFO - Filling up the DagBag from /usr/local/airflow/dags/data_dag.py
[2021-05-04 11:56:54,195] {scheduler_job.py:1601} INFO - DAG(s) dict_keys(['data_dag']) retrieved from /usr/local/airflow/dags/data_dag.py
[2021-05-04 11:56:54,245] {scheduler_job.py:163} INFO - Processing /usr/local/airflow/dags/data_dag.py took 0.086 seconds
[2021-05-04 11:56:55,175] {scheduler_job.py:155} INFO - Started process (PID=86) to work on /usr/local/airflow/dags/data_dag.py
[2021-05-04 11:56:55,181] {scheduler_job.py:1589} INFO - Processing file /usr/local/airflow/dags/data_dag.py for tasks to queue
[2021-05-04 11:56:55,183] {logging_mixin.py:112} INFO - [2021-05-04 11:56:55,182] {dagbag.py:417} INFO - Filling up the DagBag from /usr/local/airflow/dags/data_dag.py
[2021-05-04 11:56:55,231] {scheduler_job.py:1601} INFO - DAG(s) dict_keys(['data_dag']) retrieved from /usr/local/airflow/dags/data_dag.py
[2021-05-04 11:56:55,308] {scheduler_job.py:163} INFO - Processing /usr/local/airflow/dags/data_dag.py took 0.133 seconds
[2021-05-04 11:56:56,193] {scheduler_job.py:155} INFO - Started process (PID=88) to work on /usr/local/airflow/dags/data_dag.py
[2021-05-04 11:56:56,198] {scheduler_job.py:1589} INFO - Processing file /usr/local/airflow/dags/data_dag.py for tasks to queue
[2021-05-04 11:56:56,199] {logging_mixin.py:112} INFO - [2021-05-04 11:56:56,199] {dagbag.py:417} INFO - Filling up the DagBag from /usr/local/airflow/dags/data_dag.py
[2021-05-04 11:56:56,229] {scheduler_job.py:1601} INFO - DAG(s) dict_keys(['data_dag']) retrieved from /usr/local/airflow/dags/data_dag.py
[2021-05-04 11:56:56,289] {scheduler_job.py:163} INFO - Processing /usr/local/airflow/dags/data_dag.py took 0.096 seconds
[2021-05-04 11:56:57,196] {scheduler_job.py:155} INFO - Started process (PID=90) to work on /usr/local/airflow/dags/data_dag.py
[2021-05-04 11:56:57,200] {scheduler_job.py:1589} INFO - Processing file /usr/local/airflow/dags/data_dag.py for tasks to queue
[2021-05-04 11:56:57,202] {logging_mixin.py:112} INFO - [2021-05-04 11:56:57,201] {dagbag.py:417} INFO - Filling up the DagBag from /usr/local/airflow/dags/data_dag.py
[2021-05-04 11:56:57,231] {scheduler_job.py:1601} INFO - DAG(s) dict_keys(['data_dag']) retrieved from /usr/local/airflow/dags/data_dag.py
[2021-05-04 11:56:57,289] {scheduler_job.py:163} INFO - Processing /usr/local/airflow/dags/data_dag.py took 0.093 seconds
[2021-05-04 11:56:58,210] {scheduler_job.py:155} INFO - Started process (PID=92) to work on /usr/local/airflow/dags/data_dag.py
[2021-05-04 11:56:58,215] {scheduler_job.py:1589} INFO - Processing file /usr/local/airflow/dags/data_dag.py for tasks to queue
[2021-05-04 11:56:58,216] {logging_mixin.py:112} INFO - [2021-05-04 11:56:58,216] {dagbag.py:417} INFO - Filling up the DagBag from /usr/local/airflow/dags/data_dag.py
[2021-05-04 11:56:58,244] {scheduler_job.py:1601} INFO - DAG(s) dict_keys(['data_dag']) retrieved from /usr/local/airflow/dags/data_dag.py
[2021-05-04 11:56:58,301] {scheduler_job.py:163} INFO - Processing /usr/local/airflow/dags/data_dag.py took 0.091 seconds
[2021-05-04 11:56:59,220] {scheduler_job.py:155} INFO - Started process (PID=94) to work on /usr/local/airflow/dags/data_dag.py
[2021-05-04 11:56:59,225] {scheduler_job.py:1589} INFO - Processing file /usr/local/airflow/dags/data_dag.py for tasks to queue
[2021-05-04 11:56:59,226] {logging_mixin.py:112} INFO - [2021-05-04 11:56:59,226] {dagbag.py:417} INFO - Filling up the DagBag from /usr/local/airflow/dags/data_dag.py
[2021-05-04 11:56:59,263] {scheduler_job.py:1601} INFO - DAG(s) dict_keys(['data_dag']) retrieved from /usr/local/airflow/dags/data_dag.py
[2021-05-04 11:56:59,316] {scheduler_job.py:163} INFO - Processing /usr/local/airflow/dags/data_dag.py took 0.096 seconds
[2021-05-04 11:57:00,236] {scheduler_job.py:155} INFO - Started process (PID=96) to work on /usr/local/airflow/dags/data_dag.py
[2021-05-04 11:57:00,240] {scheduler_job.py:1589} INFO - Processing file /usr/local/airflow/dags/data_dag.py for tasks to queue
[2021-05-04 11:57:00,241] {logging_mixin.py:112} INFO - [2021-05-04 11:57:00,241] {dagbag.py:417} INFO - Filling up the DagBag from /usr/local/airflow/dags/data_dag.py
[2021-05-04 11:57:00,269] {scheduler_job.py:1601} INFO - DAG(s) dict_keys(['data_dag']) retrieved from /usr/local/airflow/dags/data_dag.py
[2021-05-04 11:57:00,326] {scheduler_job.py:163} INFO - Processing /usr/local/airflow/dags/data_dag.py took 0.090 seconds
[2021-05-04 11:57:01,244] {scheduler_job.py:155} INFO - Started process (PID=98) to work on /usr/local/airflow/dags/data_dag.py
[2021-05-04 11:57:01,248] {scheduler_job.py:1589} INFO - Processing file /usr/local/airflow/dags/data_dag.py for tasks to queue
[2021-05-04 11:57:01,249] {logging_mixin.py:112} INFO - [2021-05-04 11:57:01,249] {dagbag.py:417} INFO - Filling up the DagBag from /usr/local/airflow/dags/data_dag.py
[2021-05-04 11:57:01,272] {scheduler_job.py:1601} INFO - DAG(s) dict_keys(['data_dag']) retrieved from /usr/local/airflow/dags/data_dag.py
[2021-05-04 11:57:01,315] {scheduler_job.py:163} INFO - Processing /usr/local/airflow/dags/data_dag.py took 0.071 seconds
[2021-05-04 11:57:02,297] {scheduler_job.py:155} INFO - Started process (PID=100) to work on /usr/local/airflow/dags/data_dag.py
[2021-05-04 11:57:02,308] {scheduler_job.py:1589} INFO - Processing file /usr/local/airflow/dags/data_dag.py for tasks to queue
[2021-05-04 11:57:02,310] {logging_mixin.py:112} INFO - [2021-05-04 11:57:02,309] {dagbag.py:417} INFO - Filling up the DagBag from /usr/local/airflow/dags/data_dag.py
[2021-05-04 11:57:02,392] {scheduler_job.py:1601} INFO - DAG(s) dict_keys(['data_dag']) retrieved from /usr/local/airflow/dags/data_dag.py
[2021-05-04 11:57:02,471] {scheduler_job.py:163} INFO - Processing /usr/local/airflow/dags/data_dag.py took 0.173 seconds
[2021-05-04 11:57:03,309] {scheduler_job.py:155} INFO - Started process (PID=102) to work on /usr/local/airflow/dags/data_dag.py
[2021-05-04 11:57:03,316] {scheduler_job.py:1589} INFO - Processing file /usr/local/airflow/dags/data_dag.py for tasks to queue
[2021-05-04 11:57:03,319] {logging_mixin.py:112} INFO - [2021-05-04 11:57:03,318] {dagbag.py:417} INFO - Filling up the DagBag from /usr/local/airflow/dags/data_dag.py
[2021-05-04 11:57:03,372] {scheduler_job.py:1601} INFO - DAG(s) dict_keys(['data_dag']) retrieved from /usr/local/airflow/dags/data_dag.py
[2021-05-04 11:57:03,460] {scheduler_job.py:163} INFO - Processing /usr/local/airflow/dags/data_dag.py took 0.151 seconds
[2021-05-04 11:57:04,301] {scheduler_job.py:155} INFO - Started process (PID=104) to work on /usr/local/airflow/dags/data_dag.py
[2021-05-04 11:57:04,304] {scheduler_job.py:1589} INFO - Processing file /usr/local/airflow/dags/data_dag.py for tasks to queue
[2021-05-04 11:57:04,305] {logging_mixin.py:112} INFO - [2021-05-04 11:57:04,305] {dagbag.py:417} INFO - Filling up the DagBag from /usr/local/airflow/dags/data_dag.py
[2021-05-04 11:57:04,325] {scheduler_job.py:1601} INFO - DAG(s) dict_keys(['data_dag']) retrieved from /usr/local/airflow/dags/data_dag.py
[2021-05-04 11:57:04,370] {scheduler_job.py:163} INFO - Processing /usr/local/airflow/dags/data_dag.py took 0.068 seconds
[2021-05-04 11:57:05,310] {scheduler_job.py:155} INFO - Started process (PID=106) to work on /usr/local/airflow/dags/data_dag.py
[2021-05-04 11:57:05,313] {scheduler_job.py:1589} INFO - Processing file /usr/local/airflow/dags/data_dag.py for tasks to queue
[2021-05-04 11:57:05,314] {logging_mixin.py:112} INFO - [2021-05-04 11:57:05,314] {dagbag.py:417} INFO - Filling up the DagBag from /usr/local/airflow/dags/data_dag.py
[2021-05-04 11:57:05,335] {scheduler_job.py:1601} INFO - DAG(s) dict_keys(['data_dag']) retrieved from /usr/local/airflow/dags/data_dag.py
[2021-05-04 11:57:05,370] {scheduler_job.py:163} INFO - Processing /usr/local/airflow/dags/data_dag.py took 0.060 seconds
[2021-05-04 11:57:06,317] {scheduler_job.py:155} INFO - Started process (PID=108) to work on /usr/local/airflow/dags/data_dag.py
[2021-05-04 11:57:06,321] {scheduler_job.py:1589} INFO - Processing file /usr/local/airflow/dags/data_dag.py for tasks to queue
[2021-05-04 11:57:06,323] {logging_mixin.py:112} INFO - [2021-05-04 11:57:06,323] {dagbag.py:417} INFO - Filling up the DagBag from /usr/local/airflow/dags/data_dag.py
[2021-05-04 11:57:06,344] {scheduler_job.py:1601} INFO - DAG(s) dict_keys(['data_dag']) retrieved from /usr/local/airflow/dags/data_dag.py
[2021-05-04 11:57:06,386] {scheduler_job.py:163} INFO - Processing /usr/local/airflow/dags/data_dag.py took 0.069 seconds
