[2021-05-04 11:56:23,732] {scheduler_job.py:155} INFO - Started process (PID=23) to work on /usr/local/airflow/dags/logger_dag.py
[2021-05-04 11:56:23,746] {scheduler_job.py:1589} INFO - Processing file /usr/local/airflow/dags/logger_dag.py for tasks to queue
[2021-05-04 11:56:23,764] {logging_mixin.py:112} INFO - [2021-05-04 11:56:23,764] {dagbag.py:417} INFO - Filling up the DagBag from /usr/local/airflow/dags/logger_dag.py
[2021-05-04 11:56:23,860] {scheduler_job.py:1601} INFO - DAG(s) dict_keys(['logger_dag']) retrieved from /usr/local/airflow/dags/logger_dag.py
[2021-05-04 11:56:24,124] {scheduler_job.py:163} INFO - Processing /usr/local/airflow/dags/logger_dag.py took 0.392 seconds
[2021-05-04 11:56:24,618] {scheduler_job.py:155} INFO - Started process (PID=25) to work on /usr/local/airflow/dags/logger_dag.py
[2021-05-04 11:56:24,638] {scheduler_job.py:1589} INFO - Processing file /usr/local/airflow/dags/logger_dag.py for tasks to queue
[2021-05-04 11:56:24,657] {logging_mixin.py:112} INFO - [2021-05-04 11:56:24,657] {dagbag.py:417} INFO - Filling up the DagBag from /usr/local/airflow/dags/logger_dag.py
[2021-05-04 11:56:24,708] {scheduler_job.py:1601} INFO - DAG(s) dict_keys(['logger_dag']) retrieved from /usr/local/airflow/dags/logger_dag.py
[2021-05-04 11:56:24,823] {scheduler_job.py:163} INFO - Processing /usr/local/airflow/dags/logger_dag.py took 0.205 seconds
[2021-05-04 11:56:25,642] {scheduler_job.py:155} INFO - Started process (PID=27) to work on /usr/local/airflow/dags/logger_dag.py
[2021-05-04 11:56:25,650] {scheduler_job.py:1589} INFO - Processing file /usr/local/airflow/dags/logger_dag.py for tasks to queue
[2021-05-04 11:56:25,657] {logging_mixin.py:112} INFO - [2021-05-04 11:56:25,657] {dagbag.py:417} INFO - Filling up the DagBag from /usr/local/airflow/dags/logger_dag.py
[2021-05-04 11:56:25,704] {scheduler_job.py:1601} INFO - DAG(s) dict_keys(['logger_dag']) retrieved from /usr/local/airflow/dags/logger_dag.py
[2021-05-04 11:56:25,825] {scheduler_job.py:163} INFO - Processing /usr/local/airflow/dags/logger_dag.py took 0.183 seconds
[2021-05-04 11:56:26,638] {scheduler_job.py:155} INFO - Started process (PID=29) to work on /usr/local/airflow/dags/logger_dag.py
[2021-05-04 11:56:26,651] {scheduler_job.py:1589} INFO - Processing file /usr/local/airflow/dags/logger_dag.py for tasks to queue
[2021-05-04 11:56:26,653] {logging_mixin.py:112} INFO - [2021-05-04 11:56:26,653] {dagbag.py:417} INFO - Filling up the DagBag from /usr/local/airflow/dags/logger_dag.py
[2021-05-04 11:56:26,691] {scheduler_job.py:1601} INFO - DAG(s) dict_keys(['logger_dag']) retrieved from /usr/local/airflow/dags/logger_dag.py
[2021-05-04 11:56:26,792] {scheduler_job.py:163} INFO - Processing /usr/local/airflow/dags/logger_dag.py took 0.154 seconds
[2021-05-04 11:56:27,652] {scheduler_job.py:155} INFO - Started process (PID=31) to work on /usr/local/airflow/dags/logger_dag.py
[2021-05-04 11:56:27,666] {scheduler_job.py:1589} INFO - Processing file /usr/local/airflow/dags/logger_dag.py for tasks to queue
[2021-05-04 11:56:27,667] {logging_mixin.py:112} INFO - [2021-05-04 11:56:27,667] {dagbag.py:417} INFO - Filling up the DagBag from /usr/local/airflow/dags/logger_dag.py
[2021-05-04 11:56:27,737] {scheduler_job.py:1601} INFO - DAG(s) dict_keys(['logger_dag']) retrieved from /usr/local/airflow/dags/logger_dag.py
[2021-05-04 11:56:27,825] {scheduler_job.py:163} INFO - Processing /usr/local/airflow/dags/logger_dag.py took 0.172 seconds
[2021-05-04 11:56:28,674] {scheduler_job.py:155} INFO - Started process (PID=33) to work on /usr/local/airflow/dags/logger_dag.py
[2021-05-04 11:56:28,680] {scheduler_job.py:1589} INFO - Processing file /usr/local/airflow/dags/logger_dag.py for tasks to queue
[2021-05-04 11:56:28,681] {logging_mixin.py:112} INFO - [2021-05-04 11:56:28,681] {dagbag.py:417} INFO - Filling up the DagBag from /usr/local/airflow/dags/logger_dag.py
[2021-05-04 11:56:28,722] {scheduler_job.py:1601} INFO - DAG(s) dict_keys(['logger_dag']) retrieved from /usr/local/airflow/dags/logger_dag.py
[2021-05-04 11:56:28,804] {scheduler_job.py:163} INFO - Processing /usr/local/airflow/dags/logger_dag.py took 0.130 seconds
[2021-05-04 11:56:29,708] {scheduler_job.py:155} INFO - Started process (PID=35) to work on /usr/local/airflow/dags/logger_dag.py
[2021-05-04 11:56:29,722] {scheduler_job.py:1589} INFO - Processing file /usr/local/airflow/dags/logger_dag.py for tasks to queue
[2021-05-04 11:56:29,728] {logging_mixin.py:112} INFO - [2021-05-04 11:56:29,728] {dagbag.py:417} INFO - Filling up the DagBag from /usr/local/airflow/dags/logger_dag.py
[2021-05-04 11:56:29,782] {scheduler_job.py:1601} INFO - DAG(s) dict_keys(['logger_dag']) retrieved from /usr/local/airflow/dags/logger_dag.py
[2021-05-04 11:56:29,912] {scheduler_job.py:163} INFO - Processing /usr/local/airflow/dags/logger_dag.py took 0.204 seconds
[2021-05-04 11:56:30,725] {scheduler_job.py:155} INFO - Started process (PID=37) to work on /usr/local/airflow/dags/logger_dag.py
[2021-05-04 11:56:30,735] {scheduler_job.py:1589} INFO - Processing file /usr/local/airflow/dags/logger_dag.py for tasks to queue
[2021-05-04 11:56:30,758] {logging_mixin.py:112} INFO - [2021-05-04 11:56:30,752] {dagbag.py:417} INFO - Filling up the DagBag from /usr/local/airflow/dags/logger_dag.py
[2021-05-04 11:56:30,882] {scheduler_job.py:1601} INFO - DAG(s) dict_keys(['logger_dag']) retrieved from /usr/local/airflow/dags/logger_dag.py
[2021-05-04 11:56:31,048] {scheduler_job.py:163} INFO - Processing /usr/local/airflow/dags/logger_dag.py took 0.323 seconds
[2021-05-04 11:56:31,841] {scheduler_job.py:155} INFO - Started process (PID=39) to work on /usr/local/airflow/dags/logger_dag.py
[2021-05-04 11:56:31,870] {scheduler_job.py:1589} INFO - Processing file /usr/local/airflow/dags/logger_dag.py for tasks to queue
[2021-05-04 11:56:31,876] {logging_mixin.py:112} INFO - [2021-05-04 11:56:31,875] {dagbag.py:417} INFO - Filling up the DagBag from /usr/local/airflow/dags/logger_dag.py
[2021-05-04 11:56:32,003] {scheduler_job.py:1601} INFO - DAG(s) dict_keys(['logger_dag']) retrieved from /usr/local/airflow/dags/logger_dag.py
[2021-05-04 11:56:32,146] {scheduler_job.py:163} INFO - Processing /usr/local/airflow/dags/logger_dag.py took 0.306 seconds
[2021-05-04 11:56:32,792] {scheduler_job.py:155} INFO - Started process (PID=41) to work on /usr/local/airflow/dags/logger_dag.py
[2021-05-04 11:56:32,797] {scheduler_job.py:1589} INFO - Processing file /usr/local/airflow/dags/logger_dag.py for tasks to queue
[2021-05-04 11:56:32,809] {logging_mixin.py:112} INFO - [2021-05-04 11:56:32,808] {dagbag.py:417} INFO - Filling up the DagBag from /usr/local/airflow/dags/logger_dag.py
[2021-05-04 11:56:32,961] {scheduler_job.py:1601} INFO - DAG(s) dict_keys(['logger_dag']) retrieved from /usr/local/airflow/dags/logger_dag.py
[2021-05-04 11:56:33,084] {scheduler_job.py:163} INFO - Processing /usr/local/airflow/dags/logger_dag.py took 0.292 seconds
[2021-05-04 11:56:33,823] {scheduler_job.py:155} INFO - Started process (PID=43) to work on /usr/local/airflow/dags/logger_dag.py
[2021-05-04 11:56:33,840] {scheduler_job.py:1589} INFO - Processing file /usr/local/airflow/dags/logger_dag.py for tasks to queue
[2021-05-04 11:56:33,853] {logging_mixin.py:112} INFO - [2021-05-04 11:56:33,853] {dagbag.py:417} INFO - Filling up the DagBag from /usr/local/airflow/dags/logger_dag.py
[2021-05-04 11:56:33,944] {scheduler_job.py:1601} INFO - DAG(s) dict_keys(['logger_dag']) retrieved from /usr/local/airflow/dags/logger_dag.py
[2021-05-04 11:56:34,045] {scheduler_job.py:163} INFO - Processing /usr/local/airflow/dags/logger_dag.py took 0.222 seconds
[2021-05-04 11:56:34,850] {scheduler_job.py:155} INFO - Started process (PID=45) to work on /usr/local/airflow/dags/logger_dag.py
[2021-05-04 11:56:34,866] {scheduler_job.py:1589} INFO - Processing file /usr/local/airflow/dags/logger_dag.py for tasks to queue
[2021-05-04 11:56:34,875] {logging_mixin.py:112} INFO - [2021-05-04 11:56:34,875] {dagbag.py:417} INFO - Filling up the DagBag from /usr/local/airflow/dags/logger_dag.py
[2021-05-04 11:56:34,950] {scheduler_job.py:1601} INFO - DAG(s) dict_keys(['logger_dag']) retrieved from /usr/local/airflow/dags/logger_dag.py
[2021-05-04 11:56:35,042] {scheduler_job.py:163} INFO - Processing /usr/local/airflow/dags/logger_dag.py took 0.192 seconds
[2021-05-04 11:56:35,857] {scheduler_job.py:155} INFO - Started process (PID=47) to work on /usr/local/airflow/dags/logger_dag.py
[2021-05-04 11:56:35,872] {scheduler_job.py:1589} INFO - Processing file /usr/local/airflow/dags/logger_dag.py for tasks to queue
[2021-05-04 11:56:35,873] {logging_mixin.py:112} INFO - [2021-05-04 11:56:35,872] {dagbag.py:417} INFO - Filling up the DagBag from /usr/local/airflow/dags/logger_dag.py
[2021-05-04 11:56:35,923] {scheduler_job.py:1601} INFO - DAG(s) dict_keys(['logger_dag']) retrieved from /usr/local/airflow/dags/logger_dag.py
[2021-05-04 11:56:35,997] {scheduler_job.py:163} INFO - Processing /usr/local/airflow/dags/logger_dag.py took 0.140 seconds
[2021-05-04 11:56:36,860] {scheduler_job.py:155} INFO - Started process (PID=49) to work on /usr/local/airflow/dags/logger_dag.py
[2021-05-04 11:56:36,865] {scheduler_job.py:1589} INFO - Processing file /usr/local/airflow/dags/logger_dag.py for tasks to queue
[2021-05-04 11:56:36,868] {logging_mixin.py:112} INFO - [2021-05-04 11:56:36,867] {dagbag.py:417} INFO - Filling up the DagBag from /usr/local/airflow/dags/logger_dag.py
[2021-05-04 11:56:36,914] {scheduler_job.py:1601} INFO - DAG(s) dict_keys(['logger_dag']) retrieved from /usr/local/airflow/dags/logger_dag.py
[2021-05-04 11:56:37,000] {scheduler_job.py:163} INFO - Processing /usr/local/airflow/dags/logger_dag.py took 0.140 seconds
[2021-05-04 11:56:37,928] {scheduler_job.py:155} INFO - Started process (PID=51) to work on /usr/local/airflow/dags/logger_dag.py
[2021-05-04 11:56:37,936] {scheduler_job.py:1589} INFO - Processing file /usr/local/airflow/dags/logger_dag.py for tasks to queue
[2021-05-04 11:56:37,937] {logging_mixin.py:112} INFO - [2021-05-04 11:56:37,937] {dagbag.py:417} INFO - Filling up the DagBag from /usr/local/airflow/dags/logger_dag.py
[2021-05-04 11:56:38,006] {scheduler_job.py:1601} INFO - DAG(s) dict_keys(['logger_dag']) retrieved from /usr/local/airflow/dags/logger_dag.py
[2021-05-04 11:56:38,144] {scheduler_job.py:163} INFO - Processing /usr/local/airflow/dags/logger_dag.py took 0.217 seconds
[2021-05-04 11:56:38,895] {scheduler_job.py:155} INFO - Started process (PID=53) to work on /usr/local/airflow/dags/logger_dag.py
[2021-05-04 11:56:38,915] {scheduler_job.py:1589} INFO - Processing file /usr/local/airflow/dags/logger_dag.py for tasks to queue
[2021-05-04 11:56:38,916] {logging_mixin.py:112} INFO - [2021-05-04 11:56:38,916] {dagbag.py:417} INFO - Filling up the DagBag from /usr/local/airflow/dags/logger_dag.py
[2021-05-04 11:56:38,946] {scheduler_job.py:1601} INFO - DAG(s) dict_keys(['logger_dag']) retrieved from /usr/local/airflow/dags/logger_dag.py
[2021-05-04 11:56:39,007] {scheduler_job.py:163} INFO - Processing /usr/local/airflow/dags/logger_dag.py took 0.112 seconds
[2021-05-04 11:56:39,955] {scheduler_job.py:155} INFO - Started process (PID=55) to work on /usr/local/airflow/dags/logger_dag.py
[2021-05-04 11:56:39,968] {scheduler_job.py:1589} INFO - Processing file /usr/local/airflow/dags/logger_dag.py for tasks to queue
[2021-05-04 11:56:39,973] {logging_mixin.py:112} INFO - [2021-05-04 11:56:39,973] {dagbag.py:417} INFO - Filling up the DagBag from /usr/local/airflow/dags/logger_dag.py
[2021-05-04 11:56:40,046] {scheduler_job.py:1601} INFO - DAG(s) dict_keys(['logger_dag']) retrieved from /usr/local/airflow/dags/logger_dag.py
[2021-05-04 11:56:40,145] {scheduler_job.py:163} INFO - Processing /usr/local/airflow/dags/logger_dag.py took 0.190 seconds
[2021-05-04 11:56:40,972] {scheduler_job.py:155} INFO - Started process (PID=57) to work on /usr/local/airflow/dags/logger_dag.py
[2021-05-04 11:56:40,980] {scheduler_job.py:1589} INFO - Processing file /usr/local/airflow/dags/logger_dag.py for tasks to queue
[2021-05-04 11:56:40,982] {logging_mixin.py:112} INFO - [2021-05-04 11:56:40,982] {dagbag.py:417} INFO - Filling up the DagBag from /usr/local/airflow/dags/logger_dag.py
[2021-05-04 11:56:41,020] {scheduler_job.py:1601} INFO - DAG(s) dict_keys(['logger_dag']) retrieved from /usr/local/airflow/dags/logger_dag.py
[2021-05-04 11:56:41,068] {scheduler_job.py:163} INFO - Processing /usr/local/airflow/dags/logger_dag.py took 0.097 seconds
[2021-05-04 11:56:41,974] {scheduler_job.py:155} INFO - Started process (PID=59) to work on /usr/local/airflow/dags/logger_dag.py
[2021-05-04 11:56:41,990] {scheduler_job.py:1589} INFO - Processing file /usr/local/airflow/dags/logger_dag.py for tasks to queue
[2021-05-04 11:56:41,998] {logging_mixin.py:112} INFO - [2021-05-04 11:56:41,997] {dagbag.py:417} INFO - Filling up the DagBag from /usr/local/airflow/dags/logger_dag.py
[2021-05-04 11:56:42,057] {scheduler_job.py:1601} INFO - DAG(s) dict_keys(['logger_dag']) retrieved from /usr/local/airflow/dags/logger_dag.py
[2021-05-04 11:56:42,167] {scheduler_job.py:163} INFO - Processing /usr/local/airflow/dags/logger_dag.py took 0.194 seconds
[2021-05-04 11:56:43,002] {scheduler_job.py:155} INFO - Started process (PID=61) to work on /usr/local/airflow/dags/logger_dag.py
[2021-05-04 11:56:43,008] {scheduler_job.py:1589} INFO - Processing file /usr/local/airflow/dags/logger_dag.py for tasks to queue
[2021-05-04 11:56:43,011] {logging_mixin.py:112} INFO - [2021-05-04 11:56:43,011] {dagbag.py:417} INFO - Filling up the DagBag from /usr/local/airflow/dags/logger_dag.py
[2021-05-04 11:56:43,058] {scheduler_job.py:1601} INFO - DAG(s) dict_keys(['logger_dag']) retrieved from /usr/local/airflow/dags/logger_dag.py
[2021-05-04 11:56:43,171] {scheduler_job.py:163} INFO - Processing /usr/local/airflow/dags/logger_dag.py took 0.169 seconds
[2021-05-04 11:56:44,012] {scheduler_job.py:155} INFO - Started process (PID=63) to work on /usr/local/airflow/dags/logger_dag.py
[2021-05-04 11:56:44,016] {scheduler_job.py:1589} INFO - Processing file /usr/local/airflow/dags/logger_dag.py for tasks to queue
[2021-05-04 11:56:44,017] {logging_mixin.py:112} INFO - [2021-05-04 11:56:44,017] {dagbag.py:417} INFO - Filling up the DagBag from /usr/local/airflow/dags/logger_dag.py
[2021-05-04 11:56:44,046] {scheduler_job.py:1601} INFO - DAG(s) dict_keys(['logger_dag']) retrieved from /usr/local/airflow/dags/logger_dag.py
[2021-05-04 11:56:44,109] {scheduler_job.py:163} INFO - Processing /usr/local/airflow/dags/logger_dag.py took 0.097 seconds
[2021-05-04 11:56:45,034] {scheduler_job.py:155} INFO - Started process (PID=65) to work on /usr/local/airflow/dags/logger_dag.py
[2021-05-04 11:56:45,039] {scheduler_job.py:1589} INFO - Processing file /usr/local/airflow/dags/logger_dag.py for tasks to queue
[2021-05-04 11:56:45,041] {logging_mixin.py:112} INFO - [2021-05-04 11:56:45,041] {dagbag.py:417} INFO - Filling up the DagBag from /usr/local/airflow/dags/logger_dag.py
[2021-05-04 11:56:45,104] {scheduler_job.py:1601} INFO - DAG(s) dict_keys(['logger_dag']) retrieved from /usr/local/airflow/dags/logger_dag.py
[2021-05-04 11:56:45,179] {scheduler_job.py:163} INFO - Processing /usr/local/airflow/dags/logger_dag.py took 0.145 seconds
[2021-05-04 11:56:46,053] {scheduler_job.py:155} INFO - Started process (PID=67) to work on /usr/local/airflow/dags/logger_dag.py
[2021-05-04 11:56:46,063] {scheduler_job.py:1589} INFO - Processing file /usr/local/airflow/dags/logger_dag.py for tasks to queue
[2021-05-04 11:56:46,064] {logging_mixin.py:112} INFO - [2021-05-04 11:56:46,064] {dagbag.py:417} INFO - Filling up the DagBag from /usr/local/airflow/dags/logger_dag.py
[2021-05-04 11:56:46,107] {scheduler_job.py:1601} INFO - DAG(s) dict_keys(['logger_dag']) retrieved from /usr/local/airflow/dags/logger_dag.py
[2021-05-04 11:56:46,163] {scheduler_job.py:163} INFO - Processing /usr/local/airflow/dags/logger_dag.py took 0.110 seconds
[2021-05-04 11:56:47,056] {scheduler_job.py:155} INFO - Started process (PID=69) to work on /usr/local/airflow/dags/logger_dag.py
[2021-05-04 11:56:47,062] {scheduler_job.py:1589} INFO - Processing file /usr/local/airflow/dags/logger_dag.py for tasks to queue
[2021-05-04 11:56:47,065] {logging_mixin.py:112} INFO - [2021-05-04 11:56:47,065] {dagbag.py:417} INFO - Filling up the DagBag from /usr/local/airflow/dags/logger_dag.py
[2021-05-04 11:56:47,141] {scheduler_job.py:1601} INFO - DAG(s) dict_keys(['logger_dag']) retrieved from /usr/local/airflow/dags/logger_dag.py
[2021-05-04 11:56:47,195] {scheduler_job.py:163} INFO - Processing /usr/local/airflow/dags/logger_dag.py took 0.138 seconds
[2021-05-04 11:56:48,069] {scheduler_job.py:155} INFO - Started process (PID=71) to work on /usr/local/airflow/dags/logger_dag.py
[2021-05-04 11:56:48,074] {scheduler_job.py:1589} INFO - Processing file /usr/local/airflow/dags/logger_dag.py for tasks to queue
[2021-05-04 11:56:48,075] {logging_mixin.py:112} INFO - [2021-05-04 11:56:48,075] {dagbag.py:417} INFO - Filling up the DagBag from /usr/local/airflow/dags/logger_dag.py
[2021-05-04 11:56:48,134] {scheduler_job.py:1601} INFO - DAG(s) dict_keys(['logger_dag']) retrieved from /usr/local/airflow/dags/logger_dag.py
[2021-05-04 11:56:48,199] {scheduler_job.py:163} INFO - Processing /usr/local/airflow/dags/logger_dag.py took 0.130 seconds
[2021-05-04 11:56:49,078] {scheduler_job.py:155} INFO - Started process (PID=73) to work on /usr/local/airflow/dags/logger_dag.py
[2021-05-04 11:56:49,083] {scheduler_job.py:1589} INFO - Processing file /usr/local/airflow/dags/logger_dag.py for tasks to queue
[2021-05-04 11:56:49,084] {logging_mixin.py:112} INFO - [2021-05-04 11:56:49,084] {dagbag.py:417} INFO - Filling up the DagBag from /usr/local/airflow/dags/logger_dag.py
[2021-05-04 11:56:49,115] {scheduler_job.py:1601} INFO - DAG(s) dict_keys(['logger_dag']) retrieved from /usr/local/airflow/dags/logger_dag.py
[2021-05-04 11:56:49,175] {scheduler_job.py:163} INFO - Processing /usr/local/airflow/dags/logger_dag.py took 0.097 seconds
[2021-05-04 11:56:50,094] {scheduler_job.py:155} INFO - Started process (PID=75) to work on /usr/local/airflow/dags/logger_dag.py
[2021-05-04 11:56:50,103] {scheduler_job.py:1589} INFO - Processing file /usr/local/airflow/dags/logger_dag.py for tasks to queue
[2021-05-04 11:56:50,104] {logging_mixin.py:112} INFO - [2021-05-04 11:56:50,104] {dagbag.py:417} INFO - Filling up the DagBag from /usr/local/airflow/dags/logger_dag.py
[2021-05-04 11:56:50,137] {scheduler_job.py:1601} INFO - DAG(s) dict_keys(['logger_dag']) retrieved from /usr/local/airflow/dags/logger_dag.py
[2021-05-04 11:56:50,218] {scheduler_job.py:163} INFO - Processing /usr/local/airflow/dags/logger_dag.py took 0.125 seconds
[2021-05-04 11:56:51,118] {scheduler_job.py:155} INFO - Started process (PID=77) to work on /usr/local/airflow/dags/logger_dag.py
[2021-05-04 11:56:51,124] {scheduler_job.py:1589} INFO - Processing file /usr/local/airflow/dags/logger_dag.py for tasks to queue
[2021-05-04 11:56:51,126] {logging_mixin.py:112} INFO - [2021-05-04 11:56:51,124] {dagbag.py:417} INFO - Filling up the DagBag from /usr/local/airflow/dags/logger_dag.py
[2021-05-04 11:56:51,161] {scheduler_job.py:1601} INFO - DAG(s) dict_keys(['logger_dag']) retrieved from /usr/local/airflow/dags/logger_dag.py
[2021-05-04 11:56:51,215] {scheduler_job.py:163} INFO - Processing /usr/local/airflow/dags/logger_dag.py took 0.098 seconds
[2021-05-04 11:56:52,134] {scheduler_job.py:155} INFO - Started process (PID=79) to work on /usr/local/airflow/dags/logger_dag.py
[2021-05-04 11:56:52,139] {scheduler_job.py:1589} INFO - Processing file /usr/local/airflow/dags/logger_dag.py for tasks to queue
[2021-05-04 11:56:52,141] {logging_mixin.py:112} INFO - [2021-05-04 11:56:52,140] {dagbag.py:417} INFO - Filling up the DagBag from /usr/local/airflow/dags/logger_dag.py
[2021-05-04 11:56:52,175] {scheduler_job.py:1601} INFO - DAG(s) dict_keys(['logger_dag']) retrieved from /usr/local/airflow/dags/logger_dag.py
[2021-05-04 11:56:52,229] {scheduler_job.py:163} INFO - Processing /usr/local/airflow/dags/logger_dag.py took 0.095 seconds
[2021-05-04 11:56:53,145] {scheduler_job.py:155} INFO - Started process (PID=81) to work on /usr/local/airflow/dags/logger_dag.py
[2021-05-04 11:56:53,158] {scheduler_job.py:1589} INFO - Processing file /usr/local/airflow/dags/logger_dag.py for tasks to queue
[2021-05-04 11:56:53,159] {logging_mixin.py:112} INFO - [2021-05-04 11:56:53,159] {dagbag.py:417} INFO - Filling up the DagBag from /usr/local/airflow/dags/logger_dag.py
[2021-05-04 11:56:53,213] {scheduler_job.py:1601} INFO - DAG(s) dict_keys(['logger_dag']) retrieved from /usr/local/airflow/dags/logger_dag.py
[2021-05-04 11:56:53,281] {scheduler_job.py:163} INFO - Processing /usr/local/airflow/dags/logger_dag.py took 0.136 seconds
[2021-05-04 11:56:54,162] {scheduler_job.py:155} INFO - Started process (PID=83) to work on /usr/local/airflow/dags/logger_dag.py
[2021-05-04 11:56:54,166] {scheduler_job.py:1589} INFO - Processing file /usr/local/airflow/dags/logger_dag.py for tasks to queue
[2021-05-04 11:56:54,168] {logging_mixin.py:112} INFO - [2021-05-04 11:56:54,168] {dagbag.py:417} INFO - Filling up the DagBag from /usr/local/airflow/dags/logger_dag.py
[2021-05-04 11:56:54,198] {scheduler_job.py:1601} INFO - DAG(s) dict_keys(['logger_dag']) retrieved from /usr/local/airflow/dags/logger_dag.py
[2021-05-04 11:56:54,258] {scheduler_job.py:163} INFO - Processing /usr/local/airflow/dags/logger_dag.py took 0.096 seconds
[2021-05-04 11:56:55,174] {scheduler_job.py:155} INFO - Started process (PID=85) to work on /usr/local/airflow/dags/logger_dag.py
[2021-05-04 11:56:55,181] {scheduler_job.py:1589} INFO - Processing file /usr/local/airflow/dags/logger_dag.py for tasks to queue
[2021-05-04 11:56:55,182] {logging_mixin.py:112} INFO - [2021-05-04 11:56:55,182] {dagbag.py:417} INFO - Filling up the DagBag from /usr/local/airflow/dags/logger_dag.py
[2021-05-04 11:56:55,231] {scheduler_job.py:1601} INFO - DAG(s) dict_keys(['logger_dag']) retrieved from /usr/local/airflow/dags/logger_dag.py
[2021-05-04 11:56:55,305] {scheduler_job.py:163} INFO - Processing /usr/local/airflow/dags/logger_dag.py took 0.131 seconds
[2021-05-04 11:56:56,187] {scheduler_job.py:155} INFO - Started process (PID=87) to work on /usr/local/airflow/dags/logger_dag.py
[2021-05-04 11:56:56,194] {scheduler_job.py:1589} INFO - Processing file /usr/local/airflow/dags/logger_dag.py for tasks to queue
[2021-05-04 11:56:56,195] {logging_mixin.py:112} INFO - [2021-05-04 11:56:56,195] {dagbag.py:417} INFO - Filling up the DagBag from /usr/local/airflow/dags/logger_dag.py
[2021-05-04 11:56:56,223] {scheduler_job.py:1601} INFO - DAG(s) dict_keys(['logger_dag']) retrieved from /usr/local/airflow/dags/logger_dag.py
[2021-05-04 11:56:56,297] {scheduler_job.py:163} INFO - Processing /usr/local/airflow/dags/logger_dag.py took 0.110 seconds
[2021-05-04 11:56:57,196] {scheduler_job.py:155} INFO - Started process (PID=89) to work on /usr/local/airflow/dags/logger_dag.py
[2021-05-04 11:56:57,200] {scheduler_job.py:1589} INFO - Processing file /usr/local/airflow/dags/logger_dag.py for tasks to queue
[2021-05-04 11:56:57,202] {logging_mixin.py:112} INFO - [2021-05-04 11:56:57,201] {dagbag.py:417} INFO - Filling up the DagBag from /usr/local/airflow/dags/logger_dag.py
[2021-05-04 11:56:57,231] {scheduler_job.py:1601} INFO - DAG(s) dict_keys(['logger_dag']) retrieved from /usr/local/airflow/dags/logger_dag.py
[2021-05-04 11:56:57,277] {scheduler_job.py:163} INFO - Processing /usr/local/airflow/dags/logger_dag.py took 0.081 seconds
[2021-05-04 11:56:58,210] {scheduler_job.py:155} INFO - Started process (PID=91) to work on /usr/local/airflow/dags/logger_dag.py
[2021-05-04 11:56:58,214] {scheduler_job.py:1589} INFO - Processing file /usr/local/airflow/dags/logger_dag.py for tasks to queue
[2021-05-04 11:56:58,215] {logging_mixin.py:112} INFO - [2021-05-04 11:56:58,215] {dagbag.py:417} INFO - Filling up the DagBag from /usr/local/airflow/dags/logger_dag.py
[2021-05-04 11:56:58,244] {scheduler_job.py:1601} INFO - DAG(s) dict_keys(['logger_dag']) retrieved from /usr/local/airflow/dags/logger_dag.py
[2021-05-04 11:56:58,302] {scheduler_job.py:163} INFO - Processing /usr/local/airflow/dags/logger_dag.py took 0.092 seconds
[2021-05-04 11:56:59,219] {scheduler_job.py:155} INFO - Started process (PID=93) to work on /usr/local/airflow/dags/logger_dag.py
[2021-05-04 11:56:59,225] {scheduler_job.py:1589} INFO - Processing file /usr/local/airflow/dags/logger_dag.py for tasks to queue
[2021-05-04 11:56:59,226] {logging_mixin.py:112} INFO - [2021-05-04 11:56:59,226] {dagbag.py:417} INFO - Filling up the DagBag from /usr/local/airflow/dags/logger_dag.py
[2021-05-04 11:56:59,260] {scheduler_job.py:1601} INFO - DAG(s) dict_keys(['logger_dag']) retrieved from /usr/local/airflow/dags/logger_dag.py
[2021-05-04 11:56:59,306] {scheduler_job.py:163} INFO - Processing /usr/local/airflow/dags/logger_dag.py took 0.087 seconds
[2021-05-04 11:57:00,235] {scheduler_job.py:155} INFO - Started process (PID=95) to work on /usr/local/airflow/dags/logger_dag.py
[2021-05-04 11:57:00,240] {scheduler_job.py:1589} INFO - Processing file /usr/local/airflow/dags/logger_dag.py for tasks to queue
[2021-05-04 11:57:00,241] {logging_mixin.py:112} INFO - [2021-05-04 11:57:00,241] {dagbag.py:417} INFO - Filling up the DagBag from /usr/local/airflow/dags/logger_dag.py
[2021-05-04 11:57:00,271] {scheduler_job.py:1601} INFO - DAG(s) dict_keys(['logger_dag']) retrieved from /usr/local/airflow/dags/logger_dag.py
[2021-05-04 11:57:00,330] {scheduler_job.py:163} INFO - Processing /usr/local/airflow/dags/logger_dag.py took 0.094 seconds
[2021-05-04 11:57:01,243] {scheduler_job.py:155} INFO - Started process (PID=97) to work on /usr/local/airflow/dags/logger_dag.py
[2021-05-04 11:57:01,247] {scheduler_job.py:1589} INFO - Processing file /usr/local/airflow/dags/logger_dag.py for tasks to queue
[2021-05-04 11:57:01,249] {logging_mixin.py:112} INFO - [2021-05-04 11:57:01,248] {dagbag.py:417} INFO - Filling up the DagBag from /usr/local/airflow/dags/logger_dag.py
[2021-05-04 11:57:01,273] {scheduler_job.py:1601} INFO - DAG(s) dict_keys(['logger_dag']) retrieved from /usr/local/airflow/dags/logger_dag.py
[2021-05-04 11:57:01,316] {scheduler_job.py:163} INFO - Processing /usr/local/airflow/dags/logger_dag.py took 0.073 seconds
[2021-05-04 11:57:02,290] {scheduler_job.py:155} INFO - Started process (PID=99) to work on /usr/local/airflow/dags/logger_dag.py
[2021-05-04 11:57:02,296] {scheduler_job.py:1589} INFO - Processing file /usr/local/airflow/dags/logger_dag.py for tasks to queue
[2021-05-04 11:57:02,297] {logging_mixin.py:112} INFO - [2021-05-04 11:57:02,296] {dagbag.py:417} INFO - Filling up the DagBag from /usr/local/airflow/dags/logger_dag.py
[2021-05-04 11:57:02,412] {scheduler_job.py:1601} INFO - DAG(s) dict_keys(['logger_dag']) retrieved from /usr/local/airflow/dags/logger_dag.py
[2021-05-04 11:57:02,506] {scheduler_job.py:163} INFO - Processing /usr/local/airflow/dags/logger_dag.py took 0.216 seconds
[2021-05-04 11:57:03,313] {scheduler_job.py:155} INFO - Started process (PID=101) to work on /usr/local/airflow/dags/logger_dag.py
[2021-05-04 11:57:03,322] {scheduler_job.py:1589} INFO - Processing file /usr/local/airflow/dags/logger_dag.py for tasks to queue
[2021-05-04 11:57:03,323] {logging_mixin.py:112} INFO - [2021-05-04 11:57:03,323] {dagbag.py:417} INFO - Filling up the DagBag from /usr/local/airflow/dags/logger_dag.py
[2021-05-04 11:57:03,376] {scheduler_job.py:1601} INFO - DAG(s) dict_keys(['logger_dag']) retrieved from /usr/local/airflow/dags/logger_dag.py
[2021-05-04 11:57:03,458] {scheduler_job.py:163} INFO - Processing /usr/local/airflow/dags/logger_dag.py took 0.145 seconds
[2021-05-04 11:57:04,301] {scheduler_job.py:155} INFO - Started process (PID=103) to work on /usr/local/airflow/dags/logger_dag.py
[2021-05-04 11:57:04,304] {scheduler_job.py:1589} INFO - Processing file /usr/local/airflow/dags/logger_dag.py for tasks to queue
[2021-05-04 11:57:04,305] {logging_mixin.py:112} INFO - [2021-05-04 11:57:04,305] {dagbag.py:417} INFO - Filling up the DagBag from /usr/local/airflow/dags/logger_dag.py
[2021-05-04 11:57:04,326] {scheduler_job.py:1601} INFO - DAG(s) dict_keys(['logger_dag']) retrieved from /usr/local/airflow/dags/logger_dag.py
[2021-05-04 11:57:04,373] {scheduler_job.py:163} INFO - Processing /usr/local/airflow/dags/logger_dag.py took 0.071 seconds
[2021-05-04 11:57:05,309] {scheduler_job.py:155} INFO - Started process (PID=105) to work on /usr/local/airflow/dags/logger_dag.py
[2021-05-04 11:57:05,313] {scheduler_job.py:1589} INFO - Processing file /usr/local/airflow/dags/logger_dag.py for tasks to queue
[2021-05-04 11:57:05,313] {logging_mixin.py:112} INFO - [2021-05-04 11:57:05,313] {dagbag.py:417} INFO - Filling up the DagBag from /usr/local/airflow/dags/logger_dag.py
[2021-05-04 11:57:05,335] {scheduler_job.py:1601} INFO - DAG(s) dict_keys(['logger_dag']) retrieved from /usr/local/airflow/dags/logger_dag.py
[2021-05-04 11:57:05,368] {scheduler_job.py:163} INFO - Processing /usr/local/airflow/dags/logger_dag.py took 0.058 seconds
[2021-05-04 11:57:06,317] {scheduler_job.py:155} INFO - Started process (PID=107) to work on /usr/local/airflow/dags/logger_dag.py
[2021-05-04 11:57:06,321] {scheduler_job.py:1589} INFO - Processing file /usr/local/airflow/dags/logger_dag.py for tasks to queue
[2021-05-04 11:57:06,323] {logging_mixin.py:112} INFO - [2021-05-04 11:57:06,323] {dagbag.py:417} INFO - Filling up the DagBag from /usr/local/airflow/dags/logger_dag.py
[2021-05-04 11:57:06,344] {scheduler_job.py:1601} INFO - DAG(s) dict_keys(['logger_dag']) retrieved from /usr/local/airflow/dags/logger_dag.py
[2021-05-04 11:57:06,383] {scheduler_job.py:163} INFO - Processing /usr/local/airflow/dags/logger_dag.py took 0.067 seconds
